<?xml version="1.0" encoding="UTF-8"?>
<testExecutions version="1">
  <file path="C:\Angular project-2\code-book-playwright\src\app\main-dashboard-2\main-dashboard-2.component.spec.ts">
    <testCase name="MainDashboard2Component should create" duration="1029"/>
    <testCase name="MainDashboard2Component should initialize with correct title" duration="323"/>
    <testCase name="MainDashboard2Component should initialize collapsed signal as false" duration="284"/>
    <testCase name="MainDashboard2Component should initialize currentLanguage signal as English" duration="419"/>
    <testCase name="MainDashboard2Component should add languages in constructor" duration="308"/>
    <testCase name="MainDashboard2Component should set up language in ngOnInit with stored language (en)" duration="260"/>
    <testCase name="MainDashboard2Component should set up language in ngOnInit with stored language (fr)" duration="275"/>
    <testCase name="MainDashboard2Component should set up language in ngOnInit with no stored language" duration="253"/>
    <testCase name="MainDashboard2Component should change language to French" duration="245"/>
    <testCase name="MainDashboard2Component should change language to English" duration="250"/>
    <testCase name="MainDashboard2Component should return correct theme aria label" duration="229"/>
    <testCase name="MainDashboard2Component should return correct color theme aria label" duration="284"/>
    <testCase name="MainDashboard2Component should toggle fullscreen when not in fullscreen" duration="213"/>
    <testCase name="MainDashboard2Component should exit fullscreen when in fullscreen" duration="243"/>
    <testCase name="MainDashboard2Component should handle fullscreen error" duration="242"/>
    <testCase name="MainDashboard2Component should compute sidenavWidth for mobile" duration="278"/>
    <testCase name="MainDashboard2Component should compute sidenavWidth for non-mobile collapsed" duration="234"/>
    <testCase name="MainDashboard2Component should compute sidenavWidth for non-mobile non-collapsed" duration="219"/>
    <testCase name="MainDashboard2Component should compute sidenavMode for mobile" duration="227"/>
    <testCase name="MainDashboard2Component should compute sidenavMode for non-mobile" duration="222"/>
    <testCase name="MainDashboard2Component should compute sidenavOpened for mobile and collapsed" duration="221"/>
    <testCase name="MainDashboard2Component should compute sidenavOpened for mobile and non-collapsed" duration="224"/>
    <testCase name="MainDashboard2Component should compute sidenavOpened for non-mobile" duration="220"/>
    <testCase name="MainDashboard2Component should toggle sidenav collapsed state" duration="192"/>
  </file>
</testExecutions>