<?xml version="1.0" encoding="UTF-8"?>
<testExecutions version="1">
  <file path="C:\Angular project-2\code-book-playwright\src\app\pages\dashboard\service-provider\service-provider.component.spec.ts">
    <testCase name="ServiceProviderComponent should create" duration="303"/>
    <testCase name="ServiceProviderComponent should initialize form and countries" duration="87"/>
    <testCase name="ServiceProviderComponent should patch form with provider data" duration="131"/>
    <testCase name="ServiceProviderComponent should set language from localStorage on init" duration="80"/>
    <testCase name="ServiceProviderComponent should set default language to en if no lang in localStorage" duration="69"/>
    <testCase name="ServiceProviderComponent should update responsiveClass based on breakpoint" duration="88"/>
    <testCase name="ServiceProviderComponent should save valid new provider" duration="103"/>
    <testCase name="ServiceProviderComponent should save valid new provider with generated ID" duration="106"/>
    <testCase name="ServiceProviderComponent should handle invalid form in saveProvider" duration="75"/>
    <testCase name="ServiceProviderComponent should handle localStorage error in saveProvider" duration="73"/>
    <testCase name="ServiceProviderComponent should handle invalid localStorage data in saveProvider" duration="76"/>
    <testCase name="ServiceProviderComponent should update existing provider" duration="74"/>
    <testCase name="ServiceProviderComponent should handle provider ID not found" duration="76"/>
    <testCase name="ServiceProviderComponent should close popup" duration="87"/>
    <testCase name="ServiceProviderComponent should cancel form and close popup" duration="99"/>
    <testCase name="ServiceProviderComponent should cancel form without closing popup" duration="94"/>
    <testCase name="ServiceProviderComponent should initialize without provider data" duration="90"/>
  </file>
</testExecutions>