<?xml version="1.0" encoding="UTF-8"?>
<testExecutions version="1">
  <file path="C:\Angular project-2\code-book-playwright\src\app\pages\dashboard\dashboard.component.spec.ts">
    <testCase name="DashboardComponent should create" duration="617"/>
    <testCase name="DashboardComponent should initialize form and countries" duration="223"/>
    <testCase name="DashboardComponent should set language from localStorage on init" duration="66"/>
    <testCase name="DashboardComponent should set default language to en if no lang in localStorage" duration="73"/>
    <testCase name="DashboardComponent should update responsiveClass based on breakpoint" duration="83"/>
    <testCase name="DashboardComponent should load service providers from localStorage" duration="75"/>
    <testCase name="DashboardComponent should handle null service providers in localStorage" duration="71"/>
    <testCase name="DashboardComponent should handle localStorage error in loadFromLocalStorage" duration="144"/>
    <testCase name="DashboardComponent should create service provider form group" duration="67"/>
    <testCase name="DashboardComponent should delete service provider" duration="66"/>
    <testCase name="DashboardComponent should handle error in deleteServiceProvider" duration="50"/>
    <testCase name="DashboardComponent should submit valid form" duration="58"/>
    <testCase name="DashboardComponent should handle invalid form submission" duration="64"/>
    <testCase name="DashboardComponent should handle specific form validation errors" duration="54"/>
    <testCase name="DashboardComponent should handle localStorage error in onSubmit" duration="63"/>
    <testCase name="DashboardComponent should enable edit mode" duration="56"/>
    <testCase name="DashboardComponent should cancel form" duration="93"/>
    <testCase name="DashboardComponent should save to localStorage" duration="111"/>
    <testCase name="DashboardComponent should handle error in saveToLocalStorage" duration="56"/>
    <testCase name="DashboardComponent should track by provider id" duration="61"/>
    <testCase name="DashboardComponent should get serviceProvidersArray" duration="47"/>
    <testCase name="DashboardComponent should handle empty service providers in loadFromLocalStorage" duration="40"/>
    <testCase name="DashboardComponent should handle duplicate service providers in loadFromLocalStorage" duration="41"/>
    <testCase name="DashboardComponent should handle invalid JSON in loadFromLocalStorage" duration="44"/>
    <testCase name="DashboardComponent should handle null provider in createServiceProviderFormGroup" duration="62"/>
    <testCase name="DashboardComponent should handle missing businessForm in loadFromLocalStorage" duration="53"/>
  </file>
</testExecutions>